<?xml version="1.0" encoding="UTF-8"?>
<testsuite xmlns:xsi="http://www.w3.org/2001/XMLSchema-instance" xsi:noNamespaceSchemaLocation="https://maven.apache.org/surefire/maven-surefire-plugin/xsd/surefire-test-report-3.0.xsd" version="3.0" name="com.bank.ivr.auth.controller.AuthenticationControllerTest$CustomerIdentifierTypes" time="3.228" tests="2" errors="0" skipped="0" failures="0">
  <properties>
[...]
</properties>
  <testcase name="shouldHandleCustomerIdIdentifier" classname="com.bank.ivr.auth.controller.AuthenticationControllerTest$CustomerIdentifierTypes" time="0.512">
    <system-out><![CDATA[21:29:01.583 [main] INFO org.springframework.test.context.support.AnnotationConfigContextLoaderUtils -- Could not detect default configuration classes for test class [com.bank.ivr.auth.controller.AuthenticationControllerTest]: AuthenticationControllerTest does not declare any static, non-private, non-final, nested classes annotated with @Configuration.
21:29:01.681 [main] INFO org.springframework.boot.test.context.SpringBootTestContextBootstrapper -- Found @SpringBootConfiguration com.bank.ivr.auth.IvrAuthenticationApplication for test class com.bank.ivr.auth.controller.AuthenticationControllerTest
21:29:01.703 [main] INFO org.springframework.test.context.support.AnnotationConfigContextLoaderUtils -- Could not detect default configuration classes for test class [com.bank.ivr.auth.controller.AuthenticationControllerTest$CustomerIdentifierTypes]: CustomerIdentifierTypes does not declare any static, non-private, non-final, nested classes annotated with @Configuration.
21:29:01.710 [main] INFO org.springframework.boot.test.context.SpringBootTestContextBootstrapper -- Found @SpringBootConfiguration com.bank.ivr.auth.IvrAuthenticationApplication for test class com.bank.ivr.auth.controller.AuthenticationControllerTest$CustomerIdentifierTypes

  .   ____          _            __ _ _
 /\\ / ___'_ __ _ _(_)_ __  __ _ \ \ \ \
( ( )\___ | '_ | '_| | '_ \/ _` | \ \ \ \
 \\/  ___)| |_)| | | | | || (_| |  ) ) ) )
  '  |____| .__|_| |_|_| |_\__, | / / / /
 =========|_|==============|___/=/_/_/_/
 :: Spring Boot ::                (v3.1.0)

2025-05-23 21:29:01 - Starting AuthenticationControllerTest using Java 17.0.8 with PID 4636 (started by uhase in C:\Users\uhase\ivr)
2025-05-23 21:29:01 - Running with Spring Boot v3.1.0, Spring v6.0.9
2025-05-23 21:29:01 - No active profile set, falling back to 1 default profile: "default"
2025-05-23 21:29:04 - Initializing Spring TestDispatcherServlet ''
2025-05-23 21:29:04 - Initializing Servlet ''
2025-05-23 21:29:04 - Completed initialization in 0 ms
2025-05-23 21:29:04 - Started AuthenticationControllerTest in 2.639 seconds (process running for 3.25)
2025-05-23 21:29:04 - Received authentication request for session: session-789
2025-05-23 21:29:04 - Authentication request processed for session: session-789 with status: PENDING_PRIMARY_TOKEN
]]></system-out>
  </testcase>
  <testcase name="shouldHandleAccountNumberIdentifier" classname="com.bank.ivr.auth.controller.AuthenticationControllerTest$CustomerIdentifierTypes" time="0">
    <system-out><![CDATA[2025-05-23 21:29:04 - Received authentication request for session: session-456
2025-05-23 21:29:04 - Authentication request processed for session: session-456 with status: PENDING_PRIMARY_TOKEN
]]></system-out>
  </testcase>
</testsuite>